TN:
SF:count_character_in_your_string/lib/count_characters_in_your_string.js
FN:2,CCIYS
FN:7,getResult
FN:11,convertString
FNF:3
FNH:3
FNDA:2,CCIYS
FNDA:2,getResult
FNDA:1,convertString
DA:1,1
DA:2,1
DA:3,2
DA:4,2
DA:5,2
DA:6,1
DA:7,1
DA:8,2
DA:9,2
DA:10,1
DA:11,1
DA:12,1
DA:13,11
DA:14,11
DA:15,1
DA:16,1
DA:17,11
DA:18,3
DA:19,11
DA:20,7
DA:21,7
DA:22,11
DA:23,1
DA:24,1
DA:25,1
DA:26,1
LF:26
LH:26
BRDA:2,0,0,2
BRDA:7,1,0,2
BRDA:11,2,0,1
BRDA:12,3,0,11
BRDA:14,4,0,1
BRDA:16,5,0,10
BRDA:17,6,0,3
BRDA:19,7,0,7
BRF:8
BRH:8
end_of_record
TN:
SF:dollars_and_cents/lib/dollarAndCents.js
FN:2,DollarAndCents
FN:6,getSum
FN:14,updateSum
FN:18,resetSum
FNF:4
FNH:4
FNDA:1,DollarAndCents
FNDA:4,getSum
FNDA:5,updateSum
FNDA:4,resetSum
DA:1,1
DA:2,1
DA:3,1
DA:4,1
DA:5,1
DA:6,1
DA:7,4
DA:8,3
DA:9,4
DA:10,1
DA:11,1
DA:12,4
DA:13,1
DA:14,1
DA:15,5
DA:16,5
DA:17,1
DA:18,1
DA:19,4
DA:20,4
DA:21,1
DA:22,1
DA:23,1
LF:23
LH:23
BRDA:2,0,0,1
BRDA:6,1,0,4
BRDA:7,2,0,3
BRDA:9,3,0,1
BRDA:14,4,0,5
BRDA:18,5,0,4
BRF:6
BRH:6
end_of_record
